<?xml version="1.0" encoding="UTF-8"?>
<testng-results ignored="0" total="1" passed="1" failed="0" skipped="0">
  <reporter-output>
  </reporter-output>
  <suite started-at="2021-02-07T14:22:45 AEDT" name="Default suite" finished-at="2021-02-07T14:23:13 AEDT" duration-ms="28611">
    <groups>
    </groups>
    <test started-at="2021-02-07T14:22:45 AEDT" name="Default test" finished-at="2021-02-07T14:23:13 AEDT" duration-ms="28611">
      <class name="com.macdesktop.testcases.GoogleTest">
        <test-method signature="googleTest()[pri:0, instance:com.macdesktop.testcases.GoogleTest@6f3b5d16]" started-at="2021-02-07T14:22:45 AEDT" name="googleTest" finished-at="2021-02-07T14:23:13 AEDT" duration-ms="28479" status="PASS">
          <reporter-output>
          </reporter-output>
        </test-method> <!-- googleTest -->
      </class> <!-- com.macdesktop.testcases.GoogleTest -->
    </test> <!-- Default test -->
  </suite> <!-- Default suite -->
</testng-results>
